This file contains any messages produced by compilers while
running configure, to aid debugging if configure makes a mistake.

It was created by osm2pov configure 0.1.2, which was
generated by GNU Autoconf 2.64.  Invocation command line was

  $ ./configure 

## --------- ##
## Platform. ##
## --------- ##

hostname = nils-laptop
uname -m = i686
uname -r = 2.6.31-21-generic
uname -s = Linux
uname -v = #59-Ubuntu SMP Wed Mar 24 07:28:56 UTC 2010

/usr/bin/uname -p = unknown
/bin/uname -X     = unknown

/bin/arch              = unknown
/usr/bin/arch -k       = unknown
/usr/convex/getsysinfo = unknown
/usr/bin/hostinfo      = unknown
/bin/machine           = unknown
/usr/bin/oslevel       = unknown
/bin/universe          = unknown

PATH: /home/nils/bin
PATH: /home/nils/bin
PATH: /usr/local/sbin
PATH: /usr/local/bin
PATH: /usr/sbin
PATH: /usr/bin
PATH: /sbin
PATH: /bin
PATH: /usr/games


## ----------- ##
## Core tests. ##
## ----------- ##

configure:1879: checking for a BSD-compatible install
configure:1947: result: /usr/bin/install -c
configure:1958: checking whether build environment is sane
configure:2008: result: yes
configure:2149: checking for a thread-safe mkdir -p
configure:2188: result: /bin/mkdir -p
configure:2201: checking for gawk
configure:2217: found /usr/bin/gawk
configure:2228: result: gawk
configure:2239: checking whether make sets $(MAKE)
configure:2261: result: yes
configure:2401: checking for g++
configure:2417: found /usr/bin/g++
configure:2428: result: g++
configure:2455: checking for C++ compiler version
configure:2464: g++ --version >&5
g++ (Ubuntu 4.4.1-4ubuntu9) 4.4.1
Copyright (C) 2009 Free Software Foundation, Inc.
This is free software; see the source for copying conditions.  There is NO
warranty; not even for MERCHANTABILITY or FITNESS FOR A PARTICULAR PURPOSE.

configure:2475: $? = 0
configure:2464: g++ -v >&5
Using built-in specs.
Target: i486-linux-gnu
Configured with: ../src/configure -v --with-pkgversion='Ubuntu 4.4.1-4ubuntu9' --with-bugurl=file:///usr/share/doc/gcc-4.4/README.Bugs --enable-languages=c,c++,fortran,objc,obj-c++ --prefix=/usr --enable-shared --enable-multiarch --enable-linker-build-id --with-system-zlib --libexecdir=/usr/lib --without-included-gettext --enable-threads=posix --with-gxx-include-dir=/usr/include/c++/4.4 --program-suffix=-4.4 --enable-nls --enable-clocale=gnu --enable-libstdcxx-debug --enable-objc-gc --enable-targets=all --disable-werror --with-arch-32=i486 --with-tune=generic --enable-checking=release --build=i486-linux-gnu --host=i486-linux-gnu --target=i486-linux-gnu
Thread model: posix
gcc version 4.4.1 (Ubuntu 4.4.1-4ubuntu9) 
configure:2475: $? = 0
configure:2464: g++ -V >&5
g++: '-V' option must have argument
configure:2475: $? = 1
configure:2464: g++ -qversion >&5
g++: unrecognized option '-qversion'
g++: no input files
configure:2475: $? = 1
configure:2497: checking for C++ compiler default output file name
configure:2519: g++    conftest.cpp  >&5
configure:2523: $? = 0
configure:2560: result: a.out
configure:2576: checking whether the C++ compiler works
configure:2585: ./a.out
configure:2589: $? = 0
configure:2604: result: yes
configure:2611: checking whether we are cross compiling
configure:2613: result: no
configure:2616: checking for suffix of executables
configure:2623: g++ -o conftest    conftest.cpp  >&5
configure:2627: $? = 0
configure:2649: result: 
configure:2655: checking for suffix of object files
configure:2677: g++ -c   conftest.cpp >&5
configure:2681: $? = 0
configure:2702: result: o
configure:2706: checking whether we are using the GNU C++ compiler
configure:2725: g++ -c   conftest.cpp >&5
configure:2725: $? = 0
configure:2734: result: yes
configure:2743: checking whether g++ accepts -g
configure:2763: g++ -c -g  conftest.cpp >&5
configure:2763: $? = 0
configure:2804: result: yes
configure:2838: checking for style of include used by make
configure:2866: result: GNU
configure:2891: checking dependency style of g++
configure:3001: result: gcc3
configure:3064: checking for gcc
configure:3080: found /usr/bin/gcc
configure:3091: result: gcc
configure:3320: checking for C compiler version
configure:3329: gcc --version >&5
gcc (Ubuntu 4.4.1-4ubuntu9) 4.4.1
Copyright (C) 2009 Free Software Foundation, Inc.
This is free software; see the source for copying conditions.  There is NO
warranty; not even for MERCHANTABILITY or FITNESS FOR A PARTICULAR PURPOSE.

configure:3340: $? = 0
configure:3329: gcc -v >&5
Using built-in specs.
Target: i486-linux-gnu
Configured with: ../src/configure -v --with-pkgversion='Ubuntu 4.4.1-4ubuntu9' --with-bugurl=file:///usr/share/doc/gcc-4.4/README.Bugs --enable-languages=c,c++,fortran,objc,obj-c++ --prefix=/usr --enable-shared --enable-multiarch --enable-linker-build-id --with-system-zlib --libexecdir=/usr/lib --without-included-gettext --enable-threads=posix --with-gxx-include-dir=/usr/include/c++/4.4 --program-suffix=-4.4 --enable-nls --enable-clocale=gnu --enable-libstdcxx-debug --enable-objc-gc --enable-targets=all --disable-werror --with-arch-32=i486 --with-tune=generic --enable-checking=release --build=i486-linux-gnu --host=i486-linux-gnu --target=i486-linux-gnu
Thread model: posix
gcc version 4.4.1 (Ubuntu 4.4.1-4ubuntu9) 
configure:3340: $? = 0
configure:3329: gcc -V >&5
gcc: '-V' option must have argument
configure:3340: $? = 1
configure:3329: gcc -qversion >&5
gcc: unrecognized option '-qversion'
gcc: no input files
configure:3340: $? = 1
configure:3344: checking whether we are using the GNU C compiler
configure:3363: gcc -c   conftest.c >&5
configure:3363: $? = 0
configure:3372: result: yes
configure:3381: checking whether gcc accepts -g
configure:3401: gcc -c -g  conftest.c >&5
configure:3401: $? = 0
configure:3442: result: yes
configure:3459: checking for gcc option to accept ISO C89
configure:3523: gcc  -c -g -O2  conftest.c >&5
configure:3523: $? = 0
configure:3536: result: none needed
configure:3558: checking dependency style of gcc
configure:3668: result: gcc3
configure:3684: checking for log2 in -lm
configure:3709: gcc -o conftest -g -O2   conftest.c -lm   >&5
conftest.c:18: warning: conflicting types for built-in function 'log2'
configure:3709: $? = 0
configure:3718: result: yes
configure:3892: creating ./config.status

## ---------------------- ##
## Running config.status. ##
## ---------------------- ##

This file was extended by osm2pov config.status 0.1.2, which was
generated by GNU Autoconf 2.64.  Invocation command line was

  CONFIG_FILES    = 
  CONFIG_HEADERS  = 
  CONFIG_LINKS    = 
  CONFIG_COMMANDS = 
  $ ./config.status 

on nils-laptop

config.status:772: creating Makefile
config.status:935: executing depfiles commands

## ---------------- ##
## Cache variables. ##
## ---------------- ##

ac_cv_c_compiler_gnu=yes
ac_cv_cxx_compiler_gnu=yes
ac_cv_env_CCC_set=
ac_cv_env_CCC_value=
ac_cv_env_CC_set=
ac_cv_env_CC_value=
ac_cv_env_CFLAGS_set=
ac_cv_env_CFLAGS_value=
ac_cv_env_CPPFLAGS_set=
ac_cv_env_CPPFLAGS_value=
ac_cv_env_CXXFLAGS_set=
ac_cv_env_CXXFLAGS_value=
ac_cv_env_CXX_set=
ac_cv_env_CXX_value=
ac_cv_env_LDFLAGS_set=
ac_cv_env_LDFLAGS_value=
ac_cv_env_LIBS_set=
ac_cv_env_LIBS_value=
ac_cv_env_build_alias_set=
ac_cv_env_build_alias_value=
ac_cv_env_host_alias_set=
ac_cv_env_host_alias_value=
ac_cv_env_target_alias_set=
ac_cv_env_target_alias_value=
ac_cv_lib_m_log2=yes
ac_cv_objext=o
ac_cv_path_install='/usr/bin/install -c'
ac_cv_path_mkdir=/bin/mkdir
ac_cv_prog_AWK=gawk
ac_cv_prog_ac_ct_CC=gcc
ac_cv_prog_ac_ct_CXX=g++
ac_cv_prog_cc_c89=
ac_cv_prog_cc_g=yes
ac_cv_prog_cxx_g=yes
ac_cv_prog_make_make_set=yes
am_cv_CC_dependencies_compiler_type=gcc3
am_cv_CXX_dependencies_compiler_type=gcc3

## ----------------- ##
## Output variables. ##
## ----------------- ##

ACLOCAL='${SHELL} /home/nils/Desktop/osm2pov/osm2pov-0.1.2/missing --run aclocal-1.11'
AMDEPBACKSLASH='\'
AMDEP_FALSE='#'
AMDEP_TRUE=''
AMTAR='${SHELL} /home/nils/Desktop/osm2pov/osm2pov-0.1.2/missing --run tar'
AUTOCONF='${SHELL} /home/nils/Desktop/osm2pov/osm2pov-0.1.2/missing --run autoconf'
AUTOHEADER='${SHELL} /home/nils/Desktop/osm2pov/osm2pov-0.1.2/missing --run autoheader'
AUTOMAKE='${SHELL} /home/nils/Desktop/osm2pov/osm2pov-0.1.2/missing --run automake-1.11'
AWK='gawk'
CC='gcc'
CCDEPMODE='depmode=gcc3'
CFLAGS='-g -O2'
CPPFLAGS=''
CXX='g++'
CXXDEPMODE='depmode=gcc3'
CXXFLAGS='-g -O2'
CYGPATH_W='echo'
DEFS='-DPACKAGE_NAME=\"osm2pov\" -DPACKAGE_TARNAME=\"osm2pov\" -DPACKAGE_VERSION=\"0.1.2\" -DPACKAGE_STRING=\"osm2pov\ 0.1.2\" -DPACKAGE_BUGREPORT=\"ales.janda@kyblsoft.cz\" -DPACKAGE_URL=\"\" -DPACKAGE=\"osm2pov\" -DVERSION=\"0.1.2\" -DHAVE_LIBM=1'
DEPDIR='.deps'
ECHO_C=''
ECHO_N='-n'
ECHO_T=''
EXEEXT=''
INSTALL_DATA='${INSTALL} -m 644'
INSTALL_PROGRAM='${INSTALL}'
INSTALL_SCRIPT='${INSTALL}'
INSTALL_STRIP_PROGRAM='$(install_sh) -c -s'
LDFLAGS=''
LIBOBJS=''
LIBS='-lm '
LTLIBOBJS=''
MAKEINFO='${SHELL} /home/nils/Desktop/osm2pov/osm2pov-0.1.2/missing --run makeinfo'
MKDIR_P='/bin/mkdir -p'
OBJEXT='o'
PACKAGE='osm2pov'
PACKAGE_BUGREPORT='ales.janda@kyblsoft.cz'
PACKAGE_NAME='osm2pov'
PACKAGE_STRING='osm2pov 0.1.2'
PACKAGE_TARNAME='osm2pov'
PACKAGE_URL=''
PACKAGE_VERSION='0.1.2'
PATH_SEPARATOR=':'
SET_MAKE=''
SHELL='/bin/bash'
STRIP=''
VERSION='0.1.2'
ac_ct_CC='gcc'
ac_ct_CXX='g++'
am__EXEEXT_FALSE=''
am__EXEEXT_TRUE='#'
am__fastdepCC_FALSE='#'
am__fastdepCC_TRUE=''
am__fastdepCXX_FALSE='#'
am__fastdepCXX_TRUE=''
am__include='include'
am__isrc=''
am__leading_dot='.'
am__quote=''
am__tar='${AMTAR} chof - "$$tardir"'
am__untar='${AMTAR} xf -'
bindir='${exec_prefix}/bin'
build_alias=''
datadir='${datarootdir}'
datarootdir='${prefix}/share'
docdir='${datarootdir}/doc/${PACKAGE_TARNAME}'
dvidir='${docdir}'
exec_prefix='${prefix}'
host_alias=''
htmldir='${docdir}'
includedir='${prefix}/include'
infodir='${datarootdir}/info'
install_sh='${SHELL} /home/nils/Desktop/osm2pov/osm2pov-0.1.2/install-sh'
libdir='${exec_prefix}/lib'
libexecdir='${exec_prefix}/libexec'
localedir='${datarootdir}/locale'
localstatedir='${prefix}/var'
mandir='${datarootdir}/man'
mkdir_p='/bin/mkdir -p'
oldincludedir='/usr/include'
pdfdir='${docdir}'
prefix='/usr/local'
program_transform_name='s,x,x,'
psdir='${docdir}'
sbindir='${exec_prefix}/sbin'
sharedstatedir='${prefix}/com'
sysconfdir='${prefix}/etc'
target_alias=''

## ----------- ##
## confdefs.h. ##
## ----------- ##

/* confdefs.h */
#define PACKAGE_NAME "osm2pov"
#define PACKAGE_TARNAME "osm2pov"
#define PACKAGE_VERSION "0.1.2"
#define PACKAGE_STRING "osm2pov 0.1.2"
#define PACKAGE_BUGREPORT "ales.janda@kyblsoft.cz"
#define PACKAGE_URL ""
#define PACKAGE "osm2pov"
#define VERSION "0.1.2"
#define HAVE_LIBM 1

configure: exit 0
